<?xml version="1.0" encoding="UTF-8"?>
<!-- Generated by org.testng.reporters.JUnitReportReporter -->
<testsuite hostname="USHYDPDALWANI5" name="DemoProject.DemoProject.DemoClass" tests="1" failures="0" timestamp="3 Feb 2018 08:31:20 GMT" time="0.014" errors="0">
  <testcase name="demoProject" time="0.014" classname="DemoProject.DemoProject.DemoClass"/>
</testsuite> <!-- DemoProject.DemoProject.DemoClass -->
